\BOOKMARK [0][-]{section*.1}{\376\377\000A\000b\000s\000t\000r\000a\000c\000t}{}% 1
\BOOKMARK [0][-]{section*.3}{\376\377\000A\000c\000k\000n\000o\000w\000l\000e\000d\000g\000m\000e\000n\000t\000s}{}% 2
\BOOKMARK [0][-]{section*.5}{\376\377\000D\000e\000c\000l\000a\000r\000a\000t\000i\000o\000n}{}% 3
\BOOKMARK [0][-]{section*.7}{\376\377\000G\000l\000o\000s\000s\000a\000r\000y}{}% 4
\BOOKMARK [0][-]{section*.9}{\376\377\000A\000c\000r\000o\000n\000y\000m\000s}{}% 5
\BOOKMARK [0][-]{chapter*.10}{\376\377\000T\000a\000b\000l\000e\000\040\000o\000f\000\040\000C\000o\000n\000t\000e\000n\000t\000s}{}% 6
\BOOKMARK [0][-]{section*.11}{\376\377\000L\000i\000s\000t\000\040\000o\000f\000\040\000F\000i\000g\000u\000r\000e\000s}{}% 7
\BOOKMARK [0][-]{section*.12}{\376\377\000L\000i\000s\000t\000\040\000o\000f\000\040\000T\000a\000b\000l\000e\000s}{}% 8
\BOOKMARK [0][-]{section*.13}{\376\377\000L\000i\000s\000t\000\040\000o\000f\000\040\000E\000q\000u\000a\000t\000i\000o\000n\000s}{}% 9
\BOOKMARK [0][-]{section*.15}{\376\377\000N\000o\000m\000e\000n\000c\000l\000a\000t\000u\000r\000e}{}% 10
\BOOKMARK [0][-]{chapter.1}{\376\377\000I\000n\000t\000r\000o\000d\000u\000c\000t\000i\000o\000n}{}% 11
\BOOKMARK [1][-]{section.1.1}{\376\377\000B\000a\000c\000k\000g\000r\000o\000u\000n\000d}{chapter.1}% 12
\BOOKMARK [1][-]{section.1.2}{\376\377\000M\000o\000t\000i\000v\000a\000t\000i\000o\000n}{chapter.1}% 13
\BOOKMARK [1][-]{section.1.3}{\376\377\000P\000r\000o\000b\000l\000e\000m\000\040\000S\000t\000a\000t\000e\000m\000e\000n\000t}{chapter.1}% 14
\BOOKMARK [1][-]{section.1.4}{\376\377\000O\000b\000j\000e\000c\000t\000i\000v\000e\000s}{chapter.1}% 15
\BOOKMARK [1][-]{section.1.5}{\376\377\000C\000o\000n\000t\000r\000i\000b\000u\000t\000i\000o\000n\000s}{chapter.1}% 16
\BOOKMARK [1][-]{section.1.6}{\376\377\000S\000c\000o\000p\000e\000\040\000a\000n\000d\000\040\000L\000i\000m\000i\000t\000a\000t\000i\000o\000n\000s}{chapter.1}% 17
\BOOKMARK [1][-]{section.1.7}{\376\377\000O\000u\000t\000l\000i\000n\000e}{chapter.1}% 18
\BOOKMARK [0][-]{chapter.2}{\376\377\000L\000i\000t\000e\000r\000a\000t\000u\000r\000e\000\040\000R\000e\000v\000i\000e\000w}{}% 19
\BOOKMARK [1][-]{section.2.1}{\376\377\000X\000-\000r\000a\000y\000\040\000I\000m\000a\000g\000i\000n\000g\000\040\000F\000u\000n\000d\000a\000m\000e\000n\000t\000a\000l\000s}{chapter.2}% 20
\BOOKMARK [2][-]{subsection.2.1.1}{\376\377\000X\000-\000r\000a\000y\000\040\000P\000r\000o\000d\000u\000c\000t\000i\000o\000n}{section.2.1}% 21
\BOOKMARK [2][-]{subsection.2.1.2}{\376\377\000X\000-\000r\000a\000y\000\040\000A\000t\000t\000e\000n\000u\000a\000t\000i\000o\000n}{section.2.1}% 22
\BOOKMARK [2][-]{subsection.2.1.3}{\376\377\000X\000-\000r\000a\000y\000\040\000D\000e\000t\000e\000c\000t\000i\000o\000n\000\040\000a\000n\000d\000\040\000I\000m\000a\000g\000e\000\040\000F\000o\000r\000m\000a\000t\000i\000o\000n}{section.2.1}% 23
\BOOKMARK [1][-]{section.2.2}{\376\377\000N\000o\000i\000s\000e\000\040\000i\000n\000\040\000X\000-\000r\000a\000y\000\040\000i\000m\000a\000g\000i\000n\000g}{chapter.2}% 24
\BOOKMARK [2][-]{subsection.2.2.1}{\376\377\000T\000y\000p\000e\000s\000\040\000o\000f\000\040\000N\000o\000i\000s\000e\000\040\000i\000n\000\040\000X\000-\000r\000a\000y\000\040\000I\000m\000a\000g\000i\000n\000g}{section.2.2}% 25
\BOOKMARK [2][-]{subsection.2.2.2}{\376\377\000I\000m\000p\000a\000c\000t\000\040\000o\000f\000\040\000N\000o\000i\000s\000e\000\040\000o\000n\000\040\000I\000m\000a\000g\000e\000\040\000Q\000u\000a\000l\000i\000t\000y\000\040\000a\000n\000d\000\040\000D\000i\000a\000g\000n\000o\000s\000i\000s}{section.2.2}% 26
\BOOKMARK [1][-]{section.2.3}{\376\377\000D\000e\000n\000o\000i\000s\000i\000n\000g}{chapter.2}% 27
\BOOKMARK [2][-]{subsection.2.3.1}{\376\377\000C\000l\000a\000s\000s\000i\000c\000a\000l\000\040\000F\000i\000l\000t\000e\000r\000s}{section.2.3}% 28
\BOOKMARK [2][-]{subsection.2.3.2}{\376\377\000H\000y\000b\000r\000i\000d\000\040\000F\000i\000l\000t\000e\000r\000s}{section.2.3}% 29
\BOOKMARK [2][-]{subsection.2.3.3}{\376\377\000D\000e\000e\000p\000\040\000L\000e\000a\000r\000n\000i\000n\000g\000\040\000M\000e\000t\000h\000o\000d\000s}{section.2.3}% 30
\BOOKMARK [1][-]{section.2.4}{\376\377\000C\000o\000n\000c\000l\000u\000s\000i\000o\000n}{chapter.2}% 31
\BOOKMARK [0][-]{chapter.3}{\376\377\000M\000e\000t\000h\000o\000d\000o\000l\000o\000g\000y}{}% 32
\BOOKMARK [1][-]{section.3.1}{\376\377\000M\000o\000d\000e\000l\000\040\000D\000e\000v\000e\000l\000o\000p\000m\000e\000n\000t\000\040\000a\000n\000d\000\040\000C\000o\000m\000p\000a\000r\000i\000s\000o\000n\000\040\000P\000r\000o\000c\000e\000d\000u\000r\000e}{chapter.3}% 33
\BOOKMARK [1][-]{section.3.2}{\376\377\000S\000y\000s\000t\000e\000m\000\040\000R\000e\000q\000u\000i\000r\000e\000m\000e\000n\000t\000s}{chapter.3}% 34
\BOOKMARK [1][-]{section.3.3}{\376\377\000R\000e\000s\000e\000a\000r\000c\000h\000\040\000D\000e\000s\000i\000g\000n}{chapter.3}% 35
\BOOKMARK [2][-]{subsection.3.3.1}{\376\377\000F\000a\000m\000i\000l\000i\000a\000r\000i\000s\000a\000t\000i\000o\000n\000\040\000W\000i\000t\000h\000\040\000M\000e\000d\000i\000c\000a\000l\000\040\000I\000m\000a\000g\000i\000n\000g\000\040\000D\000e\000n\000o\000i\000s\000i\000n\000g\000\040\000T\000e\000c\000h\000n\000i\000q\000u\000e\000s}{section.3.3}% 36
\BOOKMARK [2][-]{subsection.3.3.2}{\376\377\000P\000r\000e\000l\000i\000m\000i\000n\000a\000r\000y\000\040\000D\000a\000t\000a\000\040\000C\000o\000l\000l\000e\000c\000t\000i\000o\000n}{section.3.3}% 37
\BOOKMARK [2][-]{subsection.3.3.3}{\376\377\000M\000o\000d\000e\000l\000\040\000S\000e\000l\000e\000c\000t\000i\000o\000n\000\040\000a\000n\000d\000\040\000P\000r\000e\000l\000i\000m\000i\000n\000a\000r\000y\000\040\000T\000e\000s\000t\000i\000n\000g}{section.3.3}% 38
\BOOKMARK [2][-]{subsection.3.3.4}{\376\377\000D\000a\000t\000a\000\040\000C\000o\000l\000l\000e\000c\000t\000i\000o\000n}{section.3.3}% 39
\BOOKMARK [1][-]{section.3.4}{\376\377\000R\000e\000s\000e\000a\000r\000c\000h\000\040\000I\000n\000s\000t\000r\000u\000m\000e\000n\000t\000s}{chapter.3}% 40
\BOOKMARK [2][-]{subsection.3.4.1}{\376\377\000S\000o\000f\000t\000w\000a\000r\000e}{section.3.4}% 41
\BOOKMARK [2][-]{subsection.3.4.2}{\376\377\000H\000a\000r\000d\000w\000a\000r\000e}{section.3.4}% 42
\BOOKMARK [1][-]{section.3.5}{\376\377\000P\000e\000r\000f\000o\000r\000m\000a\000n\000c\000e\000\040\000m\000e\000t\000r\000i\000c\000s}{chapter.3}% 43
\BOOKMARK [2][-]{subsection.3.5.1}{\376\377\000P\000r\000o\000x\000y\000\040\000Q\000u\000a\000n\000t\000i\000t\000a\000t\000i\000v\000e\000\040\000A\000n\000a\000l\000y\000s\000i\000s}{section.3.5}% 44
\BOOKMARK [2][-]{subsection.3.5.2}{\376\377\000Q\000u\000a\000l\000i\000t\000a\000t\000i\000v\000e\000\040\000M\000e\000t\000r\000i\000c\000s}{section.3.5}% 45
\BOOKMARK [2][-]{subsection.3.5.3}{\376\377\000N\000o\000-\000R\000e\000f\000e\000r\000e\000n\000c\000e\000\040\000Q\000u\000a\000l\000i\000t\000y\000\040\000M\000e\000t\000r\000i\000c\000s}{section.3.5}% 46
\BOOKMARK [1][-]{section.3.6}{\376\377\000L\000i\000m\000i\000t\000a\000t\000i\000o\000n\000s}{chapter.3}% 47
\BOOKMARK [1][-]{section.3.7}{\376\377\000E\000t\000h\000i\000c\000s}{chapter.3}% 48
\BOOKMARK [1][-]{section.3.8}{\376\377\000C\000o\000n\000c\000l\000u\000s\000i\000o\000n}{chapter.3}% 49
\BOOKMARK [0][-]{chapter.4}{\376\377\000D\000e\000s\000i\000g\000n}{}% 50
\BOOKMARK [0][-]{chapter.5}{\376\377\000R\000e\000s\000u\000l\000t\000s}{}% 51
\BOOKMARK [0][-]{chapter.6}{\376\377\000C\000o\000n\000c\000l\000u\000s\000i\000o\000n\000s}{}% 52
\BOOKMARK [0][-]{section*.37}{\376\377\000B\000i\000b\000l\000i\000o\000g\000r\000a\000p\000h\000y}{}% 53
\BOOKMARK [0][-]{appendix.A}{\376\377\000S\000u\000p\000p\000o\000r\000t\000i\000n\000g\000\040\000D\000a\000t\000a}{}% 54
\BOOKMARK [0][-]{appendix.B}{\376\377\000S\000a\000t\000i\000r\000i\000c\000a\000l\000\040\000S\000u\000p\000p\000o\000r\000t}{}% 55
